The target system is: Linux -  - arm
The host system is: Linux - 6.5.0-44-generic - x86_64
Compiling the CXX compiler identification source file "CMakeCXXCompilerId.cpp" succeeded.
Compiler: /opt/cross-pi-gcc/bin/aarch64-linux-gnu-g++ 
Build flags: ;-isystem=/usr/include;-isystem=/usr/local/include;-isystem=/usr/include/aarch64-linux-gnu
Id flags:  

The output was:
0


Compilation of the CXX compiler identification source "CMakeCXXCompilerId.cpp" produced "a.out"

The CXX compiler identification is GNU, found in "/home/niklas/stromlinger/build/haflinger-Debug/CMakeFiles/3.22.1/CompilerIdCXX/a.out"

Detecting CXX compiler ABI info compiled with the following output:
Change Dir: /home/niklas/stromlinger/build/haflinger-Debug/CMakeFiles/CMakeTmp

Run Build Command(s):/usr/bin/ninja cmTC_80eb3 && [1/2] Building CXX object CMakeFiles/cmTC_80eb3.dir/CMakeCXXCompilerABI.cpp.o
Using built-in specs.
COLLECT_GCC=/opt/cross-pi-gcc/bin/aarch64-linux-gnu-g++
Target: aarch64-linux-gnu
Configured with: ../gcc-12.2.0/configure --prefix=/opt/cross-pi-gcc --target=aarch64-linux-gnu --enable-languages=c,c++ --disable-multilib
Thread model: posix
Supported LTO compression algorithms: zlib
gcc version 12.2.0 (GCC) 
COLLECT_GCC_OPTIONS='--sysroot=/home/niklas/haflinger/rpi-sysroot' '-isystem' '=/usr/include' '-isystem' '=/usr/local/include' '-isystem' '=/usr/include/aarch64-linux-gnu' '-v' '-o' 'CMakeFiles/cmTC_80eb3.dir/CMakeCXXCompilerABI.cpp.o' '-c' '-shared-libgcc' '-mlittle-endian' '-mabi=lp64' '-dumpdir' 'CMakeFiles/cmTC_80eb3.dir/'
 /opt/cross-pi-gcc/libexec/gcc/aarch64-linux-gnu/12.2.0/cc1plus -quiet -v -isysroot /home/niklas/haflinger/rpi-sysroot -D_GNU_SOURCE -isystem =/usr/include -isystem =/usr/local/include -isystem =/usr/include/aarch64-linux-gnu /usr/share/cmake-3.22/Modules/CMakeCXXCompilerABI.cpp -quiet -dumpdir CMakeFiles/cmTC_80eb3.dir/ -dumpbase CMakeCXXCompilerABI.cpp.cpp -dumpbase-ext .cpp -mlittle-endian -mabi=lp64 -version -o /tmp/cc6x9pAK.s
GNU C++17 (GCC) version 12.2.0 (aarch64-linux-gnu)
	compiled by GNU C version 11.4.0, GMP version 6.2.1, MPFR version 4.1.0, MPC version 1.2.1, isl version isl-0.24-GMP

GGC heuristics: --param ggc-min-expand=100 --param ggc-min-heapsize=131072
ignoring nonexistent directory "/home/niklas/haflinger/rpi-sysroot/usr/local/include"
ignoring nonexistent directory "/opt/cross-pi-gcc/lib/gcc/aarch64-linux-gnu/12.2.0/../../../../aarch64-linux-gnu/sys-include"
#include "..." search starts here:
#include <...> search starts here:
 /home/niklas/haflinger/rpi-sysroot/usr/include
 /home/niklas/haflinger/rpi-sysroot/usr/include/aarch64-linux-gnu
 /opt/cross-pi-gcc/lib/gcc/aarch64-linux-gnu/12.2.0/../../../../aarch64-linux-gnu/include/c++/12.2.0
 /opt/cross-pi-gcc/lib/gcc/aarch64-linux-gnu/12.2.0/../../../../aarch64-linux-gnu/include/c++/12.2.0/aarch64-linux-gnu
 /opt/cross-pi-gcc/lib/gcc/aarch64-linux-gnu/12.2.0/../../../../aarch64-linux-gnu/include/c++/12.2.0/backward
 /opt/cross-pi-gcc/lib/gcc/aarch64-linux-gnu/12.2.0/include
 /opt/cross-pi-gcc/lib/gcc/aarch64-linux-gnu/12.2.0/include-fixed
 /opt/cross-pi-gcc/lib/gcc/aarch64-linux-gnu/12.2.0/../../../../aarch64-linux-gnu/include
End of search list.
GNU C++17 (GCC) version 12.2.0 (aarch64-linux-gnu)
	compiled by GNU C version 11.4.0, GMP version 6.2.1, MPFR version 4.1.0, MPC version 1.2.1, isl version isl-0.24-GMP

GGC heuristics: --param ggc-min-expand=100 --param ggc-min-heapsize=131072
Compiler executable checksum: 809b317fcadded3c4e0b10272d8526d0
COLLECT_GCC_OPTIONS='--sysroot=/home/niklas/haflinger/rpi-sysroot' '-isystem' '=/usr/include' '-isystem' '=/usr/local/include' '-isystem' '=/usr/include/aarch64-linux-gnu' '-v' '-o' 'CMakeFiles/cmTC_80eb3.dir/CMakeCXXCompilerABI.cpp.o' '-c' '-shared-libgcc' '-mlittle-endian' '-mabi=lp64' '-dumpdir' 'CMakeFiles/cmTC_80eb3.dir/'
 /opt/cross-pi-gcc/lib/gcc/aarch64-linux-gnu/12.2.0/../../../../aarch64-linux-gnu/bin/as -v -EL -mabi=lp64 -o CMakeFiles/cmTC_80eb3.dir/CMakeCXXCompilerABI.cpp.o /tmp/cc6x9pAK.s
GNU assembler version 2.40 (aarch64-linux-gnu) using BFD version (GNU Binutils) 2.40
COMPILER_PATH=/opt/cross-pi-gcc/libexec/gcc/aarch64-linux-gnu/12.2.0/:/opt/cross-pi-gcc/libexec/gcc/aarch64-linux-gnu/12.2.0/:/opt/cross-pi-gcc/libexec/gcc/aarch64-linux-gnu/:/opt/cross-pi-gcc/lib/gcc/aarch64-linux-gnu/12.2.0/:/opt/cross-pi-gcc/lib/gcc/aarch64-linux-gnu/:/opt/cross-pi-gcc/lib/gcc/aarch64-linux-gnu/12.2.0/../../../../aarch64-linux-gnu/bin/
LIBRARY_PATH=/opt/cross-pi-gcc/lib/gcc/aarch64-linux-gnu/12.2.0/:/opt/cross-pi-gcc/lib/gcc/aarch64-linux-gnu/12.2.0/../../../../aarch64-linux-gnu/lib/../lib64/:/opt/cross-pi-gcc/lib/gcc/aarch64-linux-gnu/12.2.0/../../../../aarch64-linux-gnu/lib/:/home/niklas/haflinger/rpi-sysroot/lib/:/home/niklas/haflinger/rpi-sysroot/usr/lib/
COLLECT_GCC_OPTIONS='--sysroot=/home/niklas/haflinger/rpi-sysroot' '-isystem' '=/usr/include' '-isystem' '=/usr/local/include' '-isystem' '=/usr/include/aarch64-linux-gnu' '-v' '-o' 'CMakeFiles/cmTC_80eb3.dir/CMakeCXXCompilerABI.cpp.o' '-c' '-shared-libgcc' '-mlittle-endian' '-mabi=lp64' '-dumpdir' 'CMakeFiles/cmTC_80eb3.dir/CMakeCXXCompilerABI.cpp.'
[2/2] Linking CXX executable cmTC_80eb3
Using built-in specs.
COLLECT_GCC=/opt/cross-pi-gcc/bin/aarch64-linux-gnu-g++
COLLECT_LTO_WRAPPER=/opt/cross-pi-gcc/libexec/gcc/aarch64-linux-gnu/12.2.0/lto-wrapper
Target: aarch64-linux-gnu
Configured with: ../gcc-12.2.0/configure --prefix=/opt/cross-pi-gcc --target=aarch64-linux-gnu --enable-languages=c,c++ --disable-multilib
Thread model: posix
Supported LTO compression algorithms: zlib
gcc version 12.2.0 (GCC) 
COMPILER_PATH=/opt/cross-pi-gcc/libexec/gcc/aarch64-linux-gnu/12.2.0/:/opt/cross-pi-gcc/libexec/gcc/aarch64-linux-gnu/12.2.0/:/opt/cross-pi-gcc/libexec/gcc/aarch64-linux-gnu/:/opt/cross-pi-gcc/lib/gcc/aarch64-linux-gnu/12.2.0/:/opt/cross-pi-gcc/lib/gcc/aarch64-linux-gnu/:/opt/cross-pi-gcc/lib/gcc/aarch64-linux-gnu/12.2.0/../../../../aarch64-linux-gnu/bin/
LIBRARY_PATH=/opt/cross-pi-gcc/lib/gcc/aarch64-linux-gnu/12.2.0/:/opt/cross-pi-gcc/lib/gcc/aarch64-linux-gnu/12.2.0/../../../../aarch64-linux-gnu/lib/../lib64/:/opt/cross-pi-gcc/lib/gcc/aarch64-linux-gnu/12.2.0/../../../../aarch64-linux-gnu/lib/:/home/niklas/haflinger/rpi-sysroot/lib/:/home/niklas/haflinger/rpi-sysroot/usr/lib/
COLLECT_GCC_OPTIONS='--sysroot=/home/niklas/haflinger/rpi-sysroot' '-isystem' '=/usr/include' '-isystem' '=/usr/local/include' '-isystem' '=/usr/include/aarch64-linux-gnu' '-v' '-o' 'cmTC_80eb3' '-shared-libgcc' '-mlittle-endian' '-mabi=lp64' '-dumpdir' 'cmTC_80eb3.'
 /opt/cross-pi-gcc/libexec/gcc/aarch64-linux-gnu/12.2.0/collect2 -plugin /opt/cross-pi-gcc/libexec/gcc/aarch64-linux-gnu/12.2.0/liblto_plugin.so -plugin-opt=/opt/cross-pi-gcc/libexec/gcc/aarch64-linux-gnu/12.2.0/lto-wrapper -plugin-opt=-fresolution=/tmp/ccxruYru.res -plugin-opt=-pass-through=-lgcc_s -plugin-opt=-pass-through=-lgcc -plugin-opt=-pass-through=-lc -plugin-opt=-pass-through=-lgcc_s -plugin-opt=-pass-through=-lgcc --sysroot=/home/niklas/haflinger/rpi-sysroot --eh-frame-hdr -dynamic-linker /lib/ld-linux-aarch64.so.1 -X -EL -maarch64linux -o cmTC_80eb3 /opt/cross-pi-gcc/lib/gcc/aarch64-linux-gnu/12.2.0/../../../../aarch64-linux-gnu/lib/crt1.o /opt/cross-pi-gcc/lib/gcc/aarch64-linux-gnu/12.2.0/../../../../aarch64-linux-gnu/lib/crti.o /opt/cross-pi-gcc/lib/gcc/aarch64-linux-gnu/12.2.0/crtbegin.o -L/opt/cross-pi-gcc/lib/gcc/aarch64-linux-gnu/12.2.0 -L/opt/cross-pi-gcc/lib/gcc/aarch64-linux-gnu/12.2.0/../../../../aarch64-linux-gnu/lib/../lib64 -L/opt/cross-pi-gcc/lib/gcc/aarch64-linux-gnu/12.2.0/../../../../aarch64-linux-gnu/lib -L/home/niklas/haflinger/rpi-sysroot/lib -L/home/niklas/haflinger/rpi-sysroot/usr/lib -O1 --hash-style=gnu --as-needed -rpath-link=/home/niklas/haflinger/rpi-sysroot/usr/lib/aarch64-linux-gnu -rpath-link=/home/niklas/qt6/pi/lib CMakeFiles/cmTC_80eb3.dir/CMakeCXXCompilerABI.cpp.o -rpath /home/niklas/haflinger/rpi-sysroot -lstdc++ -lm -lgcc_s -lgcc -lc -lgcc_s -lgcc /opt/cross-pi-gcc/lib/gcc/aarch64-linux-gnu/12.2.0/crtend.o /opt/cross-pi-gcc/lib/gcc/aarch64-linux-gnu/12.2.0/../../../../aarch64-linux-gnu/lib/crtn.o
COLLECT_GCC_OPTIONS='--sysroot=/home/niklas/haflinger/rpi-sysroot' '-isystem' '=/usr/include' '-isystem' '=/usr/local/include' '-isystem' '=/usr/include/aarch64-linux-gnu' '-v' '-o' 'cmTC_80eb3' '-shared-libgcc' '-mlittle-endian' '-mabi=lp64' '-dumpdir' 'cmTC_80eb3.'



Parsed CXX implicit include dir info from above output: rv=done
  found start of include info
  found start of implicit include info
    add: [/home/niklas/haflinger/rpi-sysroot/usr/include]
    add: [/home/niklas/haflinger/rpi-sysroot/usr/include/aarch64-linux-gnu]
    add: [/opt/cross-pi-gcc/lib/gcc/aarch64-linux-gnu/12.2.0/../../../../aarch64-linux-gnu/include/c++/12.2.0]
    add: [/opt/cross-pi-gcc/lib/gcc/aarch64-linux-gnu/12.2.0/../../../../aarch64-linux-gnu/include/c++/12.2.0/aarch64-linux-gnu]
    add: [/opt/cross-pi-gcc/lib/gcc/aarch64-linux-gnu/12.2.0/../../../../aarch64-linux-gnu/include/c++/12.2.0/backward]
    add: [/opt/cross-pi-gcc/lib/gcc/aarch64-linux-gnu/12.2.0/include]
    add: [/opt/cross-pi-gcc/lib/gcc/aarch64-linux-gnu/12.2.0/include-fixed]
    add: [/opt/cross-pi-gcc/lib/gcc/aarch64-linux-gnu/12.2.0/../../../../aarch64-linux-gnu/include]
  end of search list found
  collapse include dir [/home/niklas/haflinger/rpi-sysroot/usr/include] ==> [/home/niklas/haflinger/rpi-sysroot/usr/include]
  collapse include dir [/home/niklas/haflinger/rpi-sysroot/usr/include/aarch64-linux-gnu] ==> [/home/niklas/haflinger/rpi-sysroot/usr/include/aarch64-linux-gnu]
  collapse include dir [/opt/cross-pi-gcc/lib/gcc/aarch64-linux-gnu/12.2.0/../../../../aarch64-linux-gnu/include/c++/12.2.0] ==> [/opt/cross-pi-gcc/aarch64-linux-gnu/include/c++/12.2.0]
  collapse include dir [/opt/cross-pi-gcc/lib/gcc/aarch64-linux-gnu/12.2.0/../../../../aarch64-linux-gnu/include/c++/12.2.0/aarch64-linux-gnu] ==> [/opt/cross-pi-gcc/aarch64-linux-gnu/include/c++/12.2.0/aarch64-linux-gnu]
  collapse include dir [/opt/cross-pi-gcc/lib/gcc/aarch64-linux-gnu/12.2.0/../../../../aarch64-linux-gnu/include/c++/12.2.0/backward] ==> [/opt/cross-pi-gcc/aarch64-linux-gnu/include/c++/12.2.0/backward]
  collapse include dir [/opt/cross-pi-gcc/lib/gcc/aarch64-linux-gnu/12.2.0/include] ==> [/opt/cross-pi-gcc/lib/gcc/aarch64-linux-gnu/12.2.0/include]
  collapse include dir [/opt/cross-pi-gcc/lib/gcc/aarch64-linux-gnu/12.2.0/include-fixed] ==> [/opt/cross-pi-gcc/lib/gcc/aarch64-linux-gnu/12.2.0/include-fixed]
  collapse include dir [/opt/cross-pi-gcc/lib/gcc/aarch64-linux-gnu/12.2.0/../../../../aarch64-linux-gnu/include] ==> [/opt/cross-pi-gcc/aarch64-linux-gnu/include]
  implicit include dirs: [/home/niklas/haflinger/rpi-sysroot/usr/include;/home/niklas/haflinger/rpi-sysroot/usr/include/aarch64-linux-gnu;/opt/cross-pi-gcc/aarch64-linux-gnu/include/c++/12.2.0;/opt/cross-pi-gcc/aarch64-linux-gnu/include/c++/12.2.0/aarch64-linux-gnu;/opt/cross-pi-gcc/aarch64-linux-gnu/include/c++/12.2.0/backward;/opt/cross-pi-gcc/lib/gcc/aarch64-linux-gnu/12.2.0/include;/opt/cross-pi-gcc/lib/gcc/aarch64-linux-gnu/12.2.0/include-fixed;/opt/cross-pi-gcc/aarch64-linux-gnu/include]


Parsed CXX implicit link information from above output:
  link line regex: [^( *|.*[/\])(aarch64-linux-gnu-ld|CMAKE_LINK_STARTFILE-NOTFOUND|([^/\]+-)?ld|collect2)[^/\]*( |$)]
  ignore line: [Change Dir: /home/niklas/stromlinger/build/haflinger-Debug/CMakeFiles/CMakeTmp]
  ignore line: []
  ignore line: [Run Build Command(s):/usr/bin/ninja cmTC_80eb3 && [1/2] Building CXX object CMakeFiles/cmTC_80eb3.dir/CMakeCXXCompilerABI.cpp.o]
  ignore line: [Using built-in specs.]
  ignore line: [COLLECT_GCC=/opt/cross-pi-gcc/bin/aarch64-linux-gnu-g++]
  ignore line: [Target: aarch64-linux-gnu]
  ignore line: [Configured with: ../gcc-12.2.0/configure --prefix=/opt/cross-pi-gcc --target=aarch64-linux-gnu --enable-languages=c c++ --disable-multilib]
  ignore line: [Thread model: posix]
  ignore line: [Supported LTO compression algorithms: zlib]
  ignore line: [gcc version 12.2.0 (GCC) ]
  ignore line: [COLLECT_GCC_OPTIONS='--sysroot=/home/niklas/haflinger/rpi-sysroot' '-isystem' '=/usr/include' '-isystem' '=/usr/local/include' '-isystem' '=/usr/include/aarch64-linux-gnu' '-v' '-o' 'CMakeFiles/cmTC_80eb3.dir/CMakeCXXCompilerABI.cpp.o' '-c' '-shared-libgcc' '-mlittle-endian' '-mabi=lp64' '-dumpdir' 'CMakeFiles/cmTC_80eb3.dir/']
  ignore line: [ /opt/cross-pi-gcc/libexec/gcc/aarch64-linux-gnu/12.2.0/cc1plus -quiet -v -isysroot /home/niklas/haflinger/rpi-sysroot -D_GNU_SOURCE -isystem =/usr/include -isystem =/usr/local/include -isystem =/usr/include/aarch64-linux-gnu /usr/share/cmake-3.22/Modules/CMakeCXXCompilerABI.cpp -quiet -dumpdir CMakeFiles/cmTC_80eb3.dir/ -dumpbase CMakeCXXCompilerABI.cpp.cpp -dumpbase-ext .cpp -mlittle-endian -mabi=lp64 -version -o /tmp/cc6x9pAK.s]
  ignore line: [GNU C++17 (GCC) version 12.2.0 (aarch64-linux-gnu)]
  ignore line: [	compiled by GNU C version 11.4.0  GMP version 6.2.1  MPFR version 4.1.0  MPC version 1.2.1  isl version isl-0.24-GMP]
  ignore line: []
  ignore line: [GGC heuristics: --param ggc-min-expand=100 --param ggc-min-heapsize=131072]
  ignore line: [ignoring nonexistent directory "/home/niklas/haflinger/rpi-sysroot/usr/local/include"]
  ignore line: [ignoring nonexistent directory "/opt/cross-pi-gcc/lib/gcc/aarch64-linux-gnu/12.2.0/../../../../aarch64-linux-gnu/sys-include"]
  ignore line: [#include "..." search starts here:]
  ignore line: [#include <...> search starts here:]
  ignore line: [ /home/niklas/haflinger/rpi-sysroot/usr/include]
  ignore line: [ /home/niklas/haflinger/rpi-sysroot/usr/include/aarch64-linux-gnu]
  ignore line: [ /opt/cross-pi-gcc/lib/gcc/aarch64-linux-gnu/12.2.0/../../../../aarch64-linux-gnu/include/c++/12.2.0]
  ignore line: [ /opt/cross-pi-gcc/lib/gcc/aarch64-linux-gnu/12.2.0/../../../../aarch64-linux-gnu/include/c++/12.2.0/aarch64-linux-gnu]
  ignore line: [ /opt/cross-pi-gcc/lib/gcc/aarch64-linux-gnu/12.2.0/../../../../aarch64-linux-gnu/include/c++/12.2.0/backward]
  ignore line: [ /opt/cross-pi-gcc/lib/gcc/aarch64-linux-gnu/12.2.0/include]
  ignore line: [ /opt/cross-pi-gcc/lib/gcc/aarch64-linux-gnu/12.2.0/include-fixed]
  ignore line: [ /opt/cross-pi-gcc/lib/gcc/aarch64-linux-gnu/12.2.0/../../../../aarch64-linux-gnu/include]
  ignore line: [End of search list.]
  ignore line: [GNU C++17 (GCC) version 12.2.0 (aarch64-linux-gnu)]
  ignore line: [	compiled by GNU C version 11.4.0  GMP version 6.2.1  MPFR version 4.1.0  MPC version 1.2.1  isl version isl-0.24-GMP]
  ignore line: []
  ignore line: [GGC heuristics: --param ggc-min-expand=100 --param ggc-min-heapsize=131072]
  ignore line: [Compiler executable checksum: 809b317fcadded3c4e0b10272d8526d0]
  ignore line: [COLLECT_GCC_OPTIONS='--sysroot=/home/niklas/haflinger/rpi-sysroot' '-isystem' '=/usr/include' '-isystem' '=/usr/local/include' '-isystem' '=/usr/include/aarch64-linux-gnu' '-v' '-o' 'CMakeFiles/cmTC_80eb3.dir/CMakeCXXCompilerABI.cpp.o' '-c' '-shared-libgcc' '-mlittle-endian' '-mabi=lp64' '-dumpdir' 'CMakeFiles/cmTC_80eb3.dir/']
  ignore line: [ /opt/cross-pi-gcc/lib/gcc/aarch64-linux-gnu/12.2.0/../../../../aarch64-linux-gnu/bin/as -v -EL -mabi=lp64 -o CMakeFiles/cmTC_80eb3.dir/CMakeCXXCompilerABI.cpp.o /tmp/cc6x9pAK.s]
  ignore line: [GNU assembler version 2.40 (aarch64-linux-gnu) using BFD version (GNU Binutils) 2.40]
  ignore line: [COMPILER_PATH=/opt/cross-pi-gcc/libexec/gcc/aarch64-linux-gnu/12.2.0/:/opt/cross-pi-gcc/libexec/gcc/aarch64-linux-gnu/12.2.0/:/opt/cross-pi-gcc/libexec/gcc/aarch64-linux-gnu/:/opt/cross-pi-gcc/lib/gcc/aarch64-linux-gnu/12.2.0/:/opt/cross-pi-gcc/lib/gcc/aarch64-linux-gnu/:/opt/cross-pi-gcc/lib/gcc/aarch64-linux-gnu/12.2.0/../../../../aarch64-linux-gnu/bin/]
  ignore line: [LIBRARY_PATH=/opt/cross-pi-gcc/lib/gcc/aarch64-linux-gnu/12.2.0/:/opt/cross-pi-gcc/lib/gcc/aarch64-linux-gnu/12.2.0/../../../../aarch64-linux-gnu/lib/../lib64/:/opt/cross-pi-gcc/lib/gcc/aarch64-linux-gnu/12.2.0/../../../../aarch64-linux-gnu/lib/:/home/niklas/haflinger/rpi-sysroot/lib/:/home/niklas/haflinger/rpi-sysroot/usr/lib/]
  ignore line: [COLLECT_GCC_OPTIONS='--sysroot=/home/niklas/haflinger/rpi-sysroot' '-isystem' '=/usr/include' '-isystem' '=/usr/local/include' '-isystem' '=/usr/include/aarch64-linux-gnu' '-v' '-o' 'CMakeFiles/cmTC_80eb3.dir/CMakeCXXCompilerABI.cpp.o' '-c' '-shared-libgcc' '-mlittle-endian' '-mabi=lp64' '-dumpdir' 'CMakeFiles/cmTC_80eb3.dir/CMakeCXXCompilerABI.cpp.']
  ignore line: [[2/2] Linking CXX executable cmTC_80eb3]
  ignore line: [Using built-in specs.]
  ignore line: [COLLECT_GCC=/opt/cross-pi-gcc/bin/aarch64-linux-gnu-g++]
  ignore line: [COLLECT_LTO_WRAPPER=/opt/cross-pi-gcc/libexec/gcc/aarch64-linux-gnu/12.2.0/lto-wrapper]
  ignore line: [Target: aarch64-linux-gnu]
  ignore line: [Configured with: ../gcc-12.2.0/configure --prefix=/opt/cross-pi-gcc --target=aarch64-linux-gnu --enable-languages=c c++ --disable-multilib]
  ignore line: [Thread model: posix]
  ignore line: [Supported LTO compression algorithms: zlib]
  ignore line: [gcc version 12.2.0 (GCC) ]
  ignore line: [COMPILER_PATH=/opt/cross-pi-gcc/libexec/gcc/aarch64-linux-gnu/12.2.0/:/opt/cross-pi-gcc/libexec/gcc/aarch64-linux-gnu/12.2.0/:/opt/cross-pi-gcc/libexec/gcc/aarch64-linux-gnu/:/opt/cross-pi-gcc/lib/gcc/aarch64-linux-gnu/12.2.0/:/opt/cross-pi-gcc/lib/gcc/aarch64-linux-gnu/:/opt/cross-pi-gcc/lib/gcc/aarch64-linux-gnu/12.2.0/../../../../aarch64-linux-gnu/bin/]
  ignore line: [LIBRARY_PATH=/opt/cross-pi-gcc/lib/gcc/aarch64-linux-gnu/12.2.0/:/opt/cross-pi-gcc/lib/gcc/aarch64-linux-gnu/12.2.0/../../../../aarch64-linux-gnu/lib/../lib64/:/opt/cross-pi-gcc/lib/gcc/aarch64-linux-gnu/12.2.0/../../../../aarch64-linux-gnu/lib/:/home/niklas/haflinger/rpi-sysroot/lib/:/home/niklas/haflinger/rpi-sysroot/usr/lib/]
  ignore line: [COLLECT_GCC_OPTIONS='--sysroot=/home/niklas/haflinger/rpi-sysroot' '-isystem' '=/usr/include' '-isystem' '=/usr/local/include' '-isystem' '=/usr/include/aarch64-linux-gnu' '-v' '-o' 'cmTC_80eb3' '-shared-libgcc' '-mlittle-endian' '-mabi=lp64' '-dumpdir' 'cmTC_80eb3.']
  link line: [ /opt/cross-pi-gcc/libexec/gcc/aarch64-linux-gnu/12.2.0/collect2 -plugin /opt/cross-pi-gcc/libexec/gcc/aarch64-linux-gnu/12.2.0/liblto_plugin.so -plugin-opt=/opt/cross-pi-gcc/libexec/gcc/aarch64-linux-gnu/12.2.0/lto-wrapper -plugin-opt=-fresolution=/tmp/ccxruYru.res -plugin-opt=-pass-through=-lgcc_s -plugin-opt=-pass-through=-lgcc -plugin-opt=-pass-through=-lc -plugin-opt=-pass-through=-lgcc_s -plugin-opt=-pass-through=-lgcc --sysroot=/home/niklas/haflinger/rpi-sysroot --eh-frame-hdr -dynamic-linker /lib/ld-linux-aarch64.so.1 -X -EL -maarch64linux -o cmTC_80eb3 /opt/cross-pi-gcc/lib/gcc/aarch64-linux-gnu/12.2.0/../../../../aarch64-linux-gnu/lib/crt1.o /opt/cross-pi-gcc/lib/gcc/aarch64-linux-gnu/12.2.0/../../../../aarch64-linux-gnu/lib/crti.o /opt/cross-pi-gcc/lib/gcc/aarch64-linux-gnu/12.2.0/crtbegin.o -L/opt/cross-pi-gcc/lib/gcc/aarch64-linux-gnu/12.2.0 -L/opt/cross-pi-gcc/lib/gcc/aarch64-linux-gnu/12.2.0/../../../../aarch64-linux-gnu/lib/../lib64 -L/opt/cross-pi-gcc/lib/gcc/aarch64-linux-gnu/12.2.0/../../../../aarch64-linux-gnu/lib -L/home/niklas/haflinger/rpi-sysroot/lib -L/home/niklas/haflinger/rpi-sysroot/usr/lib -O1 --hash-style=gnu --as-needed -rpath-link=/home/niklas/haflinger/rpi-sysroot/usr/lib/aarch64-linux-gnu -rpath-link=/home/niklas/qt6/pi/lib CMakeFiles/cmTC_80eb3.dir/CMakeCXXCompilerABI.cpp.o -rpath /home/niklas/haflinger/rpi-sysroot -lstdc++ -lm -lgcc_s -lgcc -lc -lgcc_s -lgcc /opt/cross-pi-gcc/lib/gcc/aarch64-linux-gnu/12.2.0/crtend.o /opt/cross-pi-gcc/lib/gcc/aarch64-linux-gnu/12.2.0/../../../../aarch64-linux-gnu/lib/crtn.o]
    arg [/opt/cross-pi-gcc/libexec/gcc/aarch64-linux-gnu/12.2.0/collect2] ==> ignore
    arg [-plugin] ==> ignore
    arg [/opt/cross-pi-gcc/libexec/gcc/aarch64-linux-gnu/12.2.0/liblto_plugin.so] ==> ignore
    arg [-plugin-opt=/opt/cross-pi-gcc/libexec/gcc/aarch64-linux-gnu/12.2.0/lto-wrapper] ==> ignore
    arg [-plugin-opt=-fresolution=/tmp/ccxruYru.res] ==> ignore
    arg [-plugin-opt=-pass-through=-lgcc_s] ==> ignore
    arg [-plugin-opt=-pass-through=-lgcc] ==> ignore
    arg [-plugin-opt=-pass-through=-lc] ==> ignore
    arg [-plugin-opt=-pass-through=-lgcc_s] ==> ignore
    arg [-plugin-opt=-pass-through=-lgcc] ==> ignore
    arg [--sysroot=/home/niklas/haflinger/rpi-sysroot] ==> ignore
    arg [--eh-frame-hdr] ==> ignore
    arg [-dynamic-linker] ==> ignore
    arg [/lib/ld-linux-aarch64.so.1] ==> ignore
    arg [-X] ==> ignore
    arg [-EL] ==> ignore
    arg [-maarch64linux] ==> ignore
    arg [-o] ==> ignore
    arg [cmTC_80eb3] ==> ignore
    arg [/opt/cross-pi-gcc/lib/gcc/aarch64-linux-gnu/12.2.0/../../../../aarch64-linux-gnu/lib/crt1.o] ==> obj [/opt/cross-pi-gcc/lib/gcc/aarch64-linux-gnu/12.2.0/../../../../aarch64-linux-gnu/lib/crt1.o]
    arg [/opt/cross-pi-gcc/lib/gcc/aarch64-linux-gnu/12.2.0/../../../../aarch64-linux-gnu/lib/crti.o] ==> obj [/opt/cross-pi-gcc/lib/gcc/aarch64-linux-gnu/12.2.0/../../../../aarch64-linux-gnu/lib/crti.o]
    arg [/opt/cross-pi-gcc/lib/gcc/aarch64-linux-gnu/12.2.0/crtbegin.o] ==> obj [/opt/cross-pi-gcc/lib/gcc/aarch64-linux-gnu/12.2.0/crtbegin.o]
    arg [-L/opt/cross-pi-gcc/lib/gcc/aarch64-linux-gnu/12.2.0] ==> dir [/opt/cross-pi-gcc/lib/gcc/aarch64-linux-gnu/12.2.0]
    arg [-L/opt/cross-pi-gcc/lib/gcc/aarch64-linux-gnu/12.2.0/../../../../aarch64-linux-gnu/lib/../lib64] ==> dir [/opt/cross-pi-gcc/lib/gcc/aarch64-linux-gnu/12.2.0/../../../../aarch64-linux-gnu/lib/../lib64]
    arg [-L/opt/cross-pi-gcc/lib/gcc/aarch64-linux-gnu/12.2.0/../../../../aarch64-linux-gnu/lib] ==> dir [/opt/cross-pi-gcc/lib/gcc/aarch64-linux-gnu/12.2.0/../../../../aarch64-linux-gnu/lib]
    arg [-L/home/niklas/haflinger/rpi-sysroot/lib] ==> dir [/home/niklas/haflinger/rpi-sysroot/lib]
    arg [-L/home/niklas/haflinger/rpi-sysroot/usr/lib] ==> dir [/home/niklas/haflinger/rpi-sysroot/usr/lib]
    arg [-O1] ==> ignore
    arg [--hash-style=gnu] ==> ignore
    arg [--as-needed] ==> ignore
    arg [-rpath-link=/home/niklas/haflinger/rpi-sysroot/usr/lib/aarch64-linux-gnu] ==> ignore
    arg [-rpath-link=/home/niklas/qt6/pi/lib] ==> ignore
    arg [CMakeFiles/cmTC_80eb3.dir/CMakeCXXCompilerABI.cpp.o] ==> ignore
    arg [-rpath] ==> ignore
    arg [/home/niklas/haflinger/rpi-sysroot] ==> ignore
    arg [-lstdc++] ==> lib [stdc++]
    arg [-lm] ==> lib [m]
    arg [-lgcc_s] ==> lib [gcc_s]
    arg [-lgcc] ==> lib [gcc]
    arg [-lc] ==> lib [c]
    arg [-lgcc_s] ==> lib [gcc_s]
    arg [-lgcc] ==> lib [gcc]
    arg [/opt/cross-pi-gcc/lib/gcc/aarch64-linux-gnu/12.2.0/crtend.o] ==> obj [/opt/cross-pi-gcc/lib/gcc/aarch64-linux-gnu/12.2.0/crtend.o]
    arg [/opt/cross-pi-gcc/lib/gcc/aarch64-linux-gnu/12.2.0/../../../../aarch64-linux-gnu/lib/crtn.o] ==> obj [/opt/cross-pi-gcc/lib/gcc/aarch64-linux-gnu/12.2.0/../../../../aarch64-linux-gnu/lib/crtn.o]
  collapse obj [/opt/cross-pi-gcc/lib/gcc/aarch64-linux-gnu/12.2.0/../../../../aarch64-linux-gnu/lib/crt1.o] ==> [/opt/cross-pi-gcc/aarch64-linux-gnu/lib/crt1.o]
  collapse obj [/opt/cross-pi-gcc/lib/gcc/aarch64-linux-gnu/12.2.0/../../../../aarch64-linux-gnu/lib/crti.o] ==> [/opt/cross-pi-gcc/aarch64-linux-gnu/lib/crti.o]
  collapse obj [/opt/cross-pi-gcc/lib/gcc/aarch64-linux-gnu/12.2.0/../../../../aarch64-linux-gnu/lib/crtn.o] ==> [/opt/cross-pi-gcc/aarch64-linux-gnu/lib/crtn.o]
  collapse library dir [/opt/cross-pi-gcc/lib/gcc/aarch64-linux-gnu/12.2.0] ==> [/opt/cross-pi-gcc/lib/gcc/aarch64-linux-gnu/12.2.0]
  collapse library dir [/opt/cross-pi-gcc/lib/gcc/aarch64-linux-gnu/12.2.0/../../../../aarch64-linux-gnu/lib/../lib64] ==> [/opt/cross-pi-gcc/aarch64-linux-gnu/lib64]
  collapse library dir [/opt/cross-pi-gcc/lib/gcc/aarch64-linux-gnu/12.2.0/../../../../aarch64-linux-gnu/lib] ==> [/opt/cross-pi-gcc/aarch64-linux-gnu/lib]
  collapse library dir [/home/niklas/haflinger/rpi-sysroot/lib] ==> [/home/niklas/haflinger/rpi-sysroot/lib]
  collapse library dir [/home/niklas/haflinger/rpi-sysroot/usr/lib] ==> [/home/niklas/haflinger/rpi-sysroot/usr/lib]
  implicit libs: [stdc++;m;gcc_s;gcc;c;gcc_s;gcc]
  implicit objs: [/opt/cross-pi-gcc/aarch64-linux-gnu/lib/crt1.o;/opt/cross-pi-gcc/aarch64-linux-gnu/lib/crti.o;/opt/cross-pi-gcc/lib/gcc/aarch64-linux-gnu/12.2.0/crtbegin.o;/opt/cross-pi-gcc/lib/gcc/aarch64-linux-gnu/12.2.0/crtend.o;/opt/cross-pi-gcc/aarch64-linux-gnu/lib/crtn.o]
  implicit dirs: [/opt/cross-pi-gcc/lib/gcc/aarch64-linux-gnu/12.2.0;/opt/cross-pi-gcc/aarch64-linux-gnu/lib64;/opt/cross-pi-gcc/aarch64-linux-gnu/lib;/home/niklas/haflinger/rpi-sysroot/lib;/home/niklas/haflinger/rpi-sysroot/usr/lib]
  implicit fwks: []


Determining if the include file pthread.h exists passed with the following output:
Change Dir: /home/niklas/stromlinger/build/haflinger-Debug/CMakeFiles/CMakeTmp

Run Build Command(s):/usr/bin/ninja cmTC_72133 && [1/2] Building CXX object CMakeFiles/cmTC_72133.dir/CheckIncludeFile.cxx.o
[2/2] Linking CXX executable cmTC_72133



Performing C++ SOURCE FILE Test CMAKE_HAVE_LIBC_PTHREAD succeeded with the following output:
Change Dir: /home/niklas/stromlinger/build/haflinger-Debug/CMakeFiles/CMakeTmp

Run Build Command(s):/usr/bin/ninja cmTC_55b8e && [1/2] Building CXX object CMakeFiles/cmTC_55b8e.dir/src.cxx.o
[2/2] Linking CXX executable cmTC_55b8e


Source file was:
#include <pthread.h>

static void* test_func(void* data)
{
  return data;
}

int main(void)
{
  pthread_t thread;
  pthread_create(&thread, NULL, test_func, NULL);
  pthread_detach(thread);
  pthread_cancel(thread);
  pthread_join(thread, NULL);
  pthread_atfork(NULL, NULL, NULL);
  pthread_exit(NULL);

  return 0;
}

Performing C++ SOURCE FILE Test HAVE_STDATOMIC succeeded with the following output:
Change Dir: /home/niklas/stromlinger/build/haflinger-Debug/CMakeFiles/CMakeTmp

Run Build Command(s):/usr/bin/ninja cmTC_0b3f5 && [1/2] Building CXX object CMakeFiles/cmTC_0b3f5.dir/src.cxx.o
[2/2] Linking CXX executable cmTC_0b3f5


Source file was:
#include <atomic>
#include <cstdint>

int main(int, char **)
{
    volatile std::atomic<char>    size_1;
    volatile std::atomic<short>   size_2;
    volatile std::atomic<int>     size_4;
    volatile std::atomic<int64_t> size_8;

    ++size_1;
    ++size_2;
    ++size_4;
    ++size_8;

    (void)size_1.load(std::memory_order_relaxed);
    (void)size_2.load(std::memory_order_relaxed);
    (void)size_4.load(std::memory_order_relaxed);
    (void)size_8.load(std::memory_order_relaxed);

    return 0;
}
Performing C++ SOURCE FILE Test HAVE_EGL succeeded with the following output:
Change Dir: /home/niklas/stromlinger/build/haflinger-Debug/CMakeFiles/CMakeTmp

Run Build Command(s):/usr/bin/ninja cmTC_da22d && [1/2] Building CXX object CMakeFiles/cmTC_da22d.dir/src.cxx.o
[2/2] Linking CXX executable cmTC_da22d


Source file was:

#include <EGL/egl.h>

int main(int, char **) {
    [[maybe_unused]] EGLint x = 0;
    EGLDisplay dpy = 0; EGLContext ctx = 0;
    eglDestroyContext(dpy, ctx);
}
Performing C++ SOURCE FILE Test HAVE_GLESv2 succeeded with the following output:
Change Dir: /home/niklas/stromlinger/build/haflinger-Debug/CMakeFiles/CMakeTmp

Run Build Command(s):/usr/bin/ninja cmTC_0ecd3 && [1/2] Building CXX object CMakeFiles/cmTC_0ecd3.dir/src.cxx.o
[2/2] Linking CXX executable cmTC_0ecd3


Source file was:

#ifdef __APPLE__
#  include <OpenGLES/ES2/gl.h>
#else
#  define GL_GLEXT_PROTOTYPES
#  include <GLES2/gl2.h>
#endif

int main(int, char **) {
    glUniform1f(1, GLfloat(1.0));
    glClear(GL_COLOR_BUFFER_BIT);
}
